<?xml version="1.0" encoding="UTF-8"?>
<!-- Generated by org.testng.reporters.JUnitXMLReporter -->
<testsuite ignored="0" hostname="DESKTOP-2LBJ666" failures="0" tests="2" name="Default test" time="21.474" errors="0" timestamp="2024-07-13T13:44:49 JST">
  <testcase classname="com.mystore.testcases.TC_ContactUsTest" name="verifySendaMessagewithoutlogin" time="3.194"/>
  <testcase classname="com.mystore.testcases.TC_ContactUsTest" name="verifySendaMessagewithlogin" time="5.814"/>
</testsuite> <!-- Default test -->
