<?xml version="1.0" encoding="UTF-8"?>
<!-- Generated by org.testng.reporters.JUnitXMLReporter -->
<testsuite ignored="1" hostname="DESKTOP-2LBJ666" failures="0" tests="2" name="Default test" time="20.182" errors="0" timestamp="2024-07-13T16:23:40 JST">
  <testcase classname="com.mystore.testcases.TC_MyAccountPageTest" name="VerifySignOut" time="5.733"/>
  <testcase classname="com.mystore.testcases.TC_MyAccountPageTest" name="verifyLogin" time="2.532"/>
  <testcase classname="com.mystore.testcases.TC_MyAccountPageTest" name="verifyRegistrationAndLogin" time="0.0">
    <ignored/>
  </testcase> <!-- verifyRegistrationAndLogin -->
</testsuite> <!-- Default test -->
