<?xml version="1.0" encoding="UTF-8"?>
<!-- Generated by org.testng.reporters.JUnitXMLReporter -->
<testsuite ignored="1" hostname="DESKTOP-2LBJ666" failures="0" tests="2" name="Test" time="24.048" errors="0" timestamp="2024-07-13T14:21:17 JST">
  <testcase classname="com.mystore.testcases.TC_MyAccountPageTestDataDriven" name="verifyLogin" time="5.556"/>
  <testcase classname="com.mystore.testcases.TC_MyAccountPageTestDataDriven" name="verifyLogin" time="4.04"/>
  <testcase classname="com.mystore.testcases.TC_MyAccountPageTestDataDriven" name="verifyRegistrationAndLogin" time="0.0">
    <ignored/>
  </testcase> <!-- verifyRegistrationAndLogin -->
</testsuite> <!-- Test -->
