<?xml version="1.0" encoding="UTF-8"?>
<testng-results ignored="0" total="2" passed="2" failed="0" skipped="0">
  <reporter-output>
  </reporter-output>
  <suite started-at="2024-07-13T14:20:52 JST" name="Suite" finished-at="2024-07-13T14:21:17 JST" duration-ms="24048">
    <groups>
    </groups>
    <test started-at="2024-07-13T14:20:52 JST" name="Test" finished-at="2024-07-13T14:21:17 JST" duration-ms="24048">
      <class name="com.mystore.testcases.TC_MyAccountPageTestDataDriven">
        <test-method is-config="true" signature="setup()[pri:0, instance:com.mystore.testcases.TC_MyAccountPageTestDataDriven@5ddeb7cb]" started-at="2024-07-13T14:20:53 JST" name="setup" finished-at="2024-07-13T14:21:05 JST" duration-ms="12563" status="PASS">
          <reporter-output>
          </reporter-output>
        </test-method> <!-- setup -->
        <test-method signature="verifyLogin(java.lang.String,java.lang.String,java.lang.String)[pri:0, instance:com.mystore.testcases.TC_MyAccountPageTestDataDriven@5ddeb7cb]" started-at="2024-07-13T14:21:07 JST" name="verifyLogin" data-provider="LoginDataProvider" finished-at="2024-07-13T14:21:12 JST" duration-ms="5556" status="PASS">
          <params>
            <param index="0">
              <value>
                <![CDATA[prachi_456@gmail.com]]>
              </value>
            </param>
            <param index="1">
              <value>
                <![CDATA[prachi_456]]>
              </value>
            </param>
            <param index="2">
              <value>
                <![CDATA[Prachi gupta]]>
              </value>
            </param>
          </params>
          <reporter-output>
          </reporter-output>
        </test-method> <!-- verifyLogin -->
        <test-method signature="verifyLogin(java.lang.String,java.lang.String,java.lang.String)[pri:0, instance:com.mystore.testcases.TC_MyAccountPageTestDataDriven@5ddeb7cb]" started-at="2024-07-13T14:21:12 JST" name="verifyLogin" data-provider="LoginDataProvider" finished-at="2024-07-13T14:21:16 JST" duration-ms="4040" status="PASS">
          <params>
            <param index="0">
              <value>
                <![CDATA[hellotest123@gmail.com]]>
              </value>
            </param>
            <param index="1">
              <value>
                <![CDATA[Test123]]>
              </value>
            </param>
            <param index="2">
              <value>
                <![CDATA[Hello Test]]>
              </value>
            </param>
          </params>
          <reporter-output>
          </reporter-output>
        </test-method> <!-- verifyLogin -->
        <test-method is-config="true" signature="tearDown()[pri:0, instance:com.mystore.testcases.TC_MyAccountPageTestDataDriven@5ddeb7cb]" started-at="2024-07-13T14:21:16 JST" name="tearDown" finished-at="2024-07-13T14:21:17 JST" duration-ms="235" status="PASS">
          <reporter-output>
          </reporter-output>
        </test-method> <!-- tearDown -->
      </class> <!-- com.mystore.testcases.TC_MyAccountPageTestDataDriven -->
    </test> <!-- Test -->
  </suite> <!-- Suite -->
</testng-results>
