<?xml version="1.0" encoding="UTF-8"?>
<testsuite xmlns:xsi="http://www.w3.org/2001/XMLSchema-instance" xsi:noNamespaceSchemaLocation="https://maven.apache.org/surefire/maven-surefire-plugin/xsd/surefire-test-report-3.0.xsd" version="3.0" name="TestSuite" time="25.24" tests="2" errors="0" skipped="0" failures="0">
  <properties>
[...]
</properties>
  <testcase name="verifyLogin[prachi_456@gmail.com, prachi_456, Prachi gupta](1)" classname="com.mystore.testcases.TC_MyAccountPageTestDataDriven" time="5.574">
    <system-out><![CDATA[On Start method invoked....
[INFO ] 2024-07-13 14:21:05.749 [main] MyStore - url opened
[DEBUG] 2024-07-13 14:21:05.986 [main] PackageRelationshipCollection - Parsing relationship: /xl/_rels/workbook.xml.rels
[DEBUG] 2024-07-13 14:21:05.991 [main] PackageRelationshipCollection - Parsing relationship: /xl/worksheets/_rels/sheet1.xml.rels
[DEBUG] 2024-07-13 14:21:05.994 [main] PackageRelationshipCollection - Parsing relationship: /xl/worksheets/_rels/sheet2.xml.rels
[DEBUG] 2024-07-13 14:21:05.997 [main] PackageRelationshipCollection - Parsing relationship: /_rels/.rels
[DEBUG] 2024-07-13 14:21:06.560 [main] POIXMLFactory - using default POIXMLDocumentPart for http://schemas.openxmlformats.org/officeDocument/2006/relationships/printerSettings
[DEBUG] 2024-07-13 14:21:06.738 [main] PackageRelationshipCollection - Parsing relationship: /xl/_rels/workbook.xml.rels
[DEBUG] 2024-07-13 14:21:06.739 [main] PackageRelationshipCollection - Parsing relationship: /xl/worksheets/_rels/sheet1.xml.rels
[DEBUG] 2024-07-13 14:21:06.741 [main] PackageRelationshipCollection - Parsing relationship: /xl/worksheets/_rels/sheet2.xml.rels
[DEBUG] 2024-07-13 14:21:06.744 [main] PackageRelationshipCollection - Parsing relationship: /_rels/.rels
[DEBUG] 2024-07-13 14:21:06.777 [main] POIXMLFactory - using default POIXMLDocumentPart for http://schemas.openxmlformats.org/officeDocument/2006/relationships/printerSettings
[DEBUG] 2024-07-13 14:21:06.811 [main] PackageRelationshipCollection - Parsing relationship: /xl/_rels/workbook.xml.rels
[DEBUG] 2024-07-13 14:21:06.814 [main] PackageRelationshipCollection - Parsing relationship: /xl/worksheets/_rels/sheet1.xml.rels
[DEBUG] 2024-07-13 14:21:06.816 [main] PackageRelationshipCollection - Parsing relationship: /xl/worksheets/_rels/sheet2.xml.rels
[DEBUG] 2024-07-13 14:21:06.817 [main] PackageRelationshipCollection - Parsing relationship: /_rels/.rels
[DEBUG] 2024-07-13 14:21:06.843 [main] POIXMLFactory - using default POIXMLDocumentPart for http://schemas.openxmlformats.org/officeDocument/2006/relationships/printerSettings
[DEBUG] 2024-07-13 14:21:06.887 [main] PackageRelationshipCollection - Parsing relationship: /xl/_rels/workbook.xml.rels
[DEBUG] 2024-07-13 14:21:06.890 [main] PackageRelationshipCollection - Parsing relationship: /xl/worksheets/_rels/sheet1.xml.rels
[DEBUG] 2024-07-13 14:21:06.893 [main] PackageRelationshipCollection - Parsing relationship: /xl/worksheets/_rels/sheet2.xml.rels
[DEBUG] 2024-07-13 14:21:06.895 [main] PackageRelationshipCollection - Parsing relationship: /_rels/.rels
[DEBUG] 2024-07-13 14:21:06.922 [main] POIXMLFactory - using default POIXMLDocumentPart for http://schemas.openxmlformats.org/officeDocument/2006/relationships/printerSettings
[DEBUG] 2024-07-13 14:21:06.965 [main] PackageRelationshipCollection - Parsing relationship: /xl/_rels/workbook.xml.rels
[DEBUG] 2024-07-13 14:21:06.966 [main] PackageRelationshipCollection - Parsing relationship: /xl/worksheets/_rels/sheet1.xml.rels
[DEBUG] 2024-07-13 14:21:06.967 [main] PackageRelationshipCollection - Parsing relationship: /xl/worksheets/_rels/sheet2.xml.rels
[DEBUG] 2024-07-13 14:21:06.968 [main] PackageRelationshipCollection - Parsing relationship: /_rels/.rels
[DEBUG] 2024-07-13 14:21:06.987 [main] POIXMLFactory - using default POIXMLDocumentPart for http://schemas.openxmlformats.org/officeDocument/2006/relationships/printerSettings
[DEBUG] 2024-07-13 14:21:07.014 [main] PackageRelationshipCollection - Parsing relationship: /xl/_rels/workbook.xml.rels
[DEBUG] 2024-07-13 14:21:07.016 [main] PackageRelationshipCollection - Parsing relationship: /xl/worksheets/_rels/sheet1.xml.rels
[DEBUG] 2024-07-13 14:21:07.017 [main] PackageRelationshipCollection - Parsing relationship: /xl/worksheets/_rels/sheet2.xml.rels
[DEBUG] 2024-07-13 14:21:07.019 [main] PackageRelationshipCollection - Parsing relationship: /_rels/.rels
[DEBUG] 2024-07-13 14:21:07.040 [main] POIXMLFactory - using default POIXMLDocumentPart for http://schemas.openxmlformats.org/officeDocument/2006/relationships/printerSettings
[DEBUG] 2024-07-13 14:21:07.067 [main] PackageRelationshipCollection - Parsing relationship: /xl/_rels/workbook.xml.rels
[DEBUG] 2024-07-13 14:21:07.070 [main] PackageRelationshipCollection - Parsing relationship: /xl/worksheets/_rels/sheet1.xml.rels
[DEBUG] 2024-07-13 14:21:07.071 [main] PackageRelationshipCollection - Parsing relationship: /xl/worksheets/_rels/sheet2.xml.rels
[DEBUG] 2024-07-13 14:21:07.073 [main] PackageRelationshipCollection - Parsing relationship: /_rels/.rels
[DEBUG] 2024-07-13 14:21:07.094 [main] POIXMLFactory - using default POIXMLDocumentPart for http://schemas.openxmlformats.org/officeDocument/2006/relationships/printerSettings
[DEBUG] 2024-07-13 14:21:07.115 [main] PackageRelationshipCollection - Parsing relationship: /xl/_rels/workbook.xml.rels
[DEBUG] 2024-07-13 14:21:07.116 [main] PackageRelationshipCollection - Parsing relationship: /xl/worksheets/_rels/sheet1.xml.rels
[DEBUG] 2024-07-13 14:21:07.117 [main] PackageRelationshipCollection - Parsing relationship: /xl/worksheets/_rels/sheet2.xml.rels
[DEBUG] 2024-07-13 14:21:07.119 [main] PackageRelationshipCollection - Parsing relationship: /_rels/.rels
[DEBUG] 2024-07-13 14:21:07.138 [main] POIXMLFactory - using default POIXMLDocumentPart for http://schemas.openxmlformats.org/officeDocument/2006/relationships/printerSettings
Name of test method started:verifyLogin
[INFO ] 2024-07-13 14:21:07.175 [main] MyStore - Verify Login test execution started...
[INFO ] 2024-07-13 14:21:08.909 [main] MyStore - Clicked on sign in link
[INFO ] 2024-07-13 14:21:09.036 [main] MyStore - Enter Email Address
[INFO ] 2024-07-13 14:21:09.114 [main] MyStore - Enter password
[INFO ] 2024-07-13 14:21:11.026 [main] MyStore - Clicked on sign in button
[INFO ] 2024-07-13 14:21:11.085 [main] MyStore - Verify Login - Passed
[INFO ] 2024-07-13 14:21:12.728 [main] MyStore - Clicked on signout in button
Name of test method sucessfully executed:verifyLogin
]]></system-out>
    <system-err><![CDATA[log4j:WARN No appenders could be found for logger (org.testng.TestNG).
log4j:WARN Please initialize the log4j system properly.
log4j:WARN See http://logging.apache.org/log4j/1.2/faq.html#noconfig for more info.
]]></system-err>
  </testcase>
  <testcase name="verifyLogin[hellotest123@gmail.com, Test123, Hello Test](2)" classname="com.mystore.testcases.TC_MyAccountPageTestDataDriven" time="4.041">
    <system-out><![CDATA[Name of test method started:verifyLogin
[INFO ] 2024-07-13 14:21:12.749 [main] MyStore - Verify Login test execution started...
[INFO ] 2024-07-13 14:21:13.806 [main] MyStore - Clicked on sign in link
[INFO ] 2024-07-13 14:21:13.901 [main] MyStore - Enter Email Address
[INFO ] 2024-07-13 14:21:13.964 [main] MyStore - Enter password
[INFO ] 2024-07-13 14:21:15.091 [main] MyStore - Clicked on sign in button
[INFO ] 2024-07-13 14:21:15.114 [main] MyStore - Verify Login - Passed
[INFO ] 2024-07-13 14:21:16.789 [main] MyStore - Clicked on signout in button
Name of test method sucessfully executed:verifyLogin
]]></system-out>
  </testcase>
</testsuite>