<?xml version="1.0" encoding="UTF-8"?>
<testng-results ignored="0" total="2" passed="2" failed="0" skipped="0">
  <reporter-output>
  </reporter-output>
  <suite started-at="2024-07-13T13:44:28 JST" name="Default suite" finished-at="2024-07-13T13:44:49 JST" duration-ms="21474">
    <groups>
    </groups>
    <test started-at="2024-07-13T13:44:28 JST" name="Default test" finished-at="2024-07-13T13:44:49 JST" duration-ms="21474">
      <class name="com.mystore.testcases.TC_ContactUsTest">
        <test-method is-config="true" signature="setup()[pri:0, instance:com.mystore.testcases.TC_ContactUsTest@5f8e8a9d]" started-at="2024-07-13T13:44:28 JST" name="setup" finished-at="2024-07-13T13:44:40 JST" duration-ms="12230" status="PASS">
          <reporter-output>
          </reporter-output>
        </test-method> <!-- setup -->
        <test-method signature="verifySendaMessagewithoutlogin()[pri:1, instance:com.mystore.testcases.TC_ContactUsTest@5f8e8a9d]" started-at="2024-07-13T13:44:40 JST" name="verifySendaMessagewithoutlogin" finished-at="2024-07-13T13:44:43 JST" duration-ms="3194" status="PASS">
          <reporter-output>
          </reporter-output>
        </test-method> <!-- verifySendaMessagewithoutlogin -->
        <test-method signature="verifySendaMessagewithlogin()[pri:2, instance:com.mystore.testcases.TC_ContactUsTest@5f8e8a9d]" started-at="2024-07-13T13:44:43 JST" name="verifySendaMessagewithlogin" finished-at="2024-07-13T13:44:49 JST" duration-ms="5814" status="PASS">
          <reporter-output>
          </reporter-output>
        </test-method> <!-- verifySendaMessagewithlogin -->
        <test-method is-config="true" signature="tearDown()[pri:0, instance:com.mystore.testcases.TC_ContactUsTest@5f8e8a9d]" started-at="2024-07-13T13:44:49 JST" name="tearDown" finished-at="2024-07-13T13:44:49 JST" duration-ms="196" status="PASS">
          <reporter-output>
          </reporter-output>
        </test-method> <!-- tearDown -->
      </class> <!-- com.mystore.testcases.TC_ContactUsTest -->
    </test> <!-- Default test -->
  </suite> <!-- Default suite -->
</testng-results>
